<?xml version="1.0" encoding="UTF-8"?>
<testng-results skipped="0" failed="0" ignored="0" total="1" passed="1">
  <reporter-output>
  </reporter-output>
  <suite name="Default suite" duration-ms="14739" started-at="2018-11-22T06:02:36Z" finished-at="2018-11-22T06:02:51Z">
    <groups>
    </groups>
    <test name="Default test" duration-ms="14739" started-at="2018-11-22T06:02:36Z" finished-at="2018-11-22T06:02:51Z">
      <class name="Railway.CreateAccountTest">
        <test-method status="PASS" signature="beforeMethod()[pri:0, instance:Railway.CreateAccountTest@7cd62f43]" name="beforeMethod" is-config="true" duration-ms="5294" started-at="2018-11-22T06:02:36Z" finished-at="2018-11-22T06:02:41Z">
          <reporter-output>
          </reporter-output>
        </test-method> <!-- beforeMethod -->
        <test-method status="PASS" signature="TC07()[pri:0, instance:Railway.CreateAccountTest@7cd62f43]" name="TC07" duration-ms="9413" started-at="2018-11-22T06:02:41Z" description="User can create new account" finished-at="2018-11-22T06:02:51Z">
          <reporter-output>
          </reporter-output>
        </test-method> <!-- TC07 -->
      </class> <!-- Railway.CreateAccountTest -->
    </test> <!-- Default test -->
  </suite> <!-- Default suite -->
</testng-results>
